2024-04-03T14:50:25.162Z  INFO 10912 --- [restartedMain] c.s.StudentManagementSystemApplication   : Starting StudentManagementSystemApplication using Java 17.0.10 with PID 10912 (C:\student-management-system-springboot\target\classes started by Laptop in C:\student-management-system-springboot)
2024-04-03T14:50:25.162Z  INFO 10912 --- [restartedMain] c.s.StudentManagementSystemApplication   : No active profile set, falling back to 1 default profile: "default"
2024-04-03T14:50:25.460Z  INFO 10912 --- [restartedMain] .s.d.r.c.RepositoryConfigurationDelegate : Bootstrapping Spring Data JPA repositories in DEFAULT mode.
2024-04-03T14:50:25.477Z  INFO 10912 --- [restartedMain] .s.d.r.c.RepositoryConfigurationDelegate : Finished Spring Data repository scanning in 17 ms. Found 2 JPA repository interfaces.
2024-04-03T14:50:25.691Z  INFO 10912 --- [restartedMain] o.s.b.w.embedded.tomcat.TomcatWebServer  : Tomcat initialized with port(s): 8080 (http)
2024-04-03T14:50:25.692Z  INFO 10912 --- [restartedMain] o.apache.catalina.core.StandardService   : Starting service [Tomcat]
2024-04-03T14:50:25.693Z  INFO 10912 --- [restartedMain] o.apache.catalina.core.StandardEngine    : Starting Servlet engine: [Apache Tomcat/10.1.8]
2024-04-03T14:50:25.720Z  INFO 10912 --- [restartedMain] o.a.c.c.C.[Tomcat].[localhost].[/]       : Initializing Spring embedded WebApplicationContext
2024-04-03T14:50:25.721Z  INFO 10912 --- [restartedMain] w.s.c.ServletWebServerApplicationContext : Root WebApplicationContext: initialization completed in 550 ms
2024-04-03T14:50:25.790Z  INFO 10912 --- [restartedMain] o.hibernate.jpa.internal.util.LogHelper  : HHH000204: Processing PersistenceUnitInfo [name: default]
2024-04-03T14:50:25.803Z  INFO 10912 --- [restartedMain] o.h.b.i.BytecodeProviderInitiator        : HHH000021: Bytecode provider name : bytebuddy
2024-04-03T14:50:25.803Z  INFO 10912 --- [restartedMain] o.s.o.j.p.SpringPersistenceUnitInfo      : No LoadTimeWeaver setup: ignoring JPA class transformer
2024-04-03T14:50:25.806Z  INFO 10912 --- [restartedMain] com.zaxxer.hikari.HikariDataSource       : HikariPool-2 - Starting...
2024-04-03T14:50:25.813Z  INFO 10912 --- [restartedMain] com.zaxxer.hikari.pool.HikariPool        : HikariPool-2 - Added connection com.mysql.cj.jdbc.ConnectionImpl@6e88d5f1
2024-04-03T14:50:25.814Z  INFO 10912 --- [restartedMain] com.zaxxer.hikari.HikariDataSource       : HikariPool-2 - Start completed.
2024-04-03T14:50:25.815Z  WARN 10912 --- [restartedMain] org.hibernate.dialect.Dialect            : HHH000511: The 5.5.0 version for [org.hibernate.dialect.MySQLDialect] is no longer supported, hence certain features may not work properly. The minimum supported version is 5.7.0. Check the community dialects project for available legacy versions.
2024-04-03T14:50:25.817Z  INFO 10912 --- [restartedMain] org.hibernate.orm.dialect                : HHH035001: Using dialect: org.hibernate.dialect.MySQLDialect, version: 5.5
2024-04-03T14:50:25.839Z  INFO 10912 --- [restartedMain] o.h.b.i.BytecodeProviderInitiator        : HHH000021: Bytecode provider name : bytebuddy
2024-04-03T14:50:25.940Z  INFO 10912 --- [restartedMain] o.h.e.t.j.p.i.JtaPlatformInitiator       : HHH000490: Using JtaPlatform implementation: [org.hibernate.engine.transaction.jta.platform.internal.NoJtaPlatform]
2024-04-03T14:50:26.006Z  INFO 10912 --- [restartedMain] j.LocalContainerEntityManagerFactoryBean : Initialized JPA EntityManagerFactory for persistence unit 'default'
2024-04-03T14:50:26.217Z  WARN 10912 --- [restartedMain] JpaBaseConfiguration$JpaWebConfiguration : spring.jpa.open-in-view is enabled by default. Therefore, database queries may be performed during view rendering. Explicitly configure spring.jpa.open-in-view to disable this warning
2024-04-03T14:50:26.462Z  INFO 10912 --- [restartedMain] o.s.b.d.a.OptionalLiveReloadServer       : LiveReload server is running on port 35729
2024-04-03T14:50:26.482Z  INFO 10912 --- [restartedMain] o.s.b.w.embedded.tomcat.TomcatWebServer  : Tomcat started on port(s): 8080 (http) with context path ''
2024-04-03T14:50:26.501Z  INFO 10912 --- [restartedMain] c.s.StudentManagementSystemApplication   : Started StudentManagementSystemApplication in 1.419 seconds (process running for 790.304)
2024-04-03T14:50:26.507Z  INFO 10912 --- [restartedMain] .ConditionEvaluationDeltaLoggingListener : Condition evaluation unchanged
2024-04-03T15:19:15.689Z  INFO 10912 --- [http-nio-8080-exec-2] o.a.c.c.C.[Tomcat].[localhost].[/]       : Initializing Spring DispatcherServlet 'dispatcherServlet'
2024-04-03T15:19:15.707Z  INFO 10912 --- [http-nio-8080-exec-2] o.s.web.servlet.DispatcherServlet        : Initializing Servlet 'dispatcherServlet'
2024-04-03T15:19:15.738Z  INFO 10912 --- [http-nio-8080-exec-2] o.s.web.servlet.DispatcherServlet        : Completed initialization in 31 ms
2024-04-03T15:19:15.786Z  INFO 10912 --- [http-nio-8080-exec-2] com.sms.controller.TeacherController     : Teacher deleted with id: 1
2024-04-03T15:19:15.884Z  WARN 10912 --- [http-nio-8080-exec-2] com.zaxxer.hikari.pool.PoolBase          : HikariPool-2 - Failed to validate connection com.mysql.cj.jdbc.ConnectionImpl@6e88d5f1 (No operations allowed after connection closed.). Possibly consider using a shorter maxLifetime value.
2024-04-03T15:19:15.887Z  WARN 10912 --- [http-nio-8080-exec-2] com.zaxxer.hikari.pool.PoolBase          : HikariPool-2 - Failed to validate connection com.mysql.cj.jdbc.ConnectionImpl@45dba02 (No operations allowed after connection closed.). Possibly consider using a shorter maxLifetime value.
2024-04-03T15:19:15.888Z  WARN 10912 --- [http-nio-8080-exec-2] com.zaxxer.hikari.pool.PoolBase          : HikariPool-2 - Failed to validate connection com.mysql.cj.jdbc.ConnectionImpl@5677fd2a (No operations allowed after connection closed.). Possibly consider using a shorter maxLifetime value.
2024-04-03T15:19:15.891Z  WARN 10912 --- [http-nio-8080-exec-2] com.zaxxer.hikari.pool.PoolBase          : HikariPool-2 - Failed to validate connection com.mysql.cj.jdbc.ConnectionImpl@51900f76 (No operations allowed after connection closed.). Possibly consider using a shorter maxLifetime value.
2024-04-03T15:19:15.895Z  WARN 10912 --- [http-nio-8080-exec-2] com.zaxxer.hikari.pool.PoolBase          : HikariPool-2 - Failed to validate connection com.mysql.cj.jdbc.ConnectionImpl@7e108273 (No operations allowed after connection closed.). Possibly consider using a shorter maxLifetime value.
2024-04-03T15:19:15.899Z  WARN 10912 --- [http-nio-8080-exec-2] com.zaxxer.hikari.pool.PoolBase          : HikariPool-2 - Failed to validate connection com.mysql.cj.jdbc.ConnectionImpl@17f4ba19 (No operations allowed after connection closed.). Possibly consider using a shorter maxLifetime value.
2024-04-03T15:19:15.901Z  WARN 10912 --- [http-nio-8080-exec-2] com.zaxxer.hikari.pool.PoolBase          : HikariPool-2 - Failed to validate connection com.mysql.cj.jdbc.ConnectionImpl@7e839b60 (No operations allowed after connection closed.). Possibly consider using a shorter maxLifetime value.
2024-04-03T15:19:15.903Z  WARN 10912 --- [http-nio-8080-exec-2] com.zaxxer.hikari.pool.PoolBase          : HikariPool-2 - Failed to validate connection com.mysql.cj.jdbc.ConnectionImpl@2fb9c079 (No operations allowed after connection closed.). Possibly consider using a shorter maxLifetime value.
2024-04-03T15:19:15.905Z  WARN 10912 --- [http-nio-8080-exec-2] com.zaxxer.hikari.pool.PoolBase          : HikariPool-2 - Failed to validate connection com.mysql.cj.jdbc.ConnectionImpl@55c0cce7 (No operations allowed after connection closed.). Possibly consider using a shorter maxLifetime value.
2024-04-03T15:19:15.907Z  WARN 10912 --- [http-nio-8080-exec-2] com.zaxxer.hikari.pool.PoolBase          : HikariPool-2 - Failed to validate connection com.mysql.cj.jdbc.ConnectionImpl@67d68034 (No operations allowed after connection closed.). Possibly consider using a shorter maxLifetime value.
2024-04-03T15:19:45.836Z  WARN 10912 --- [http-nio-8080-exec-2] o.h.engine.jdbc.spi.SqlExceptionHelper   : SQL Error: 0, SQLState: 08S01
2024-04-03T15:19:45.837Z ERROR 10912 --- [http-nio-8080-exec-2] o.h.engine.jdbc.spi.SqlExceptionHelper   : HikariPool-2 - Connection is not available, request timed out after 30012ms.
2024-04-03T15:19:45.838Z ERROR 10912 --- [http-nio-8080-exec-2] o.h.engine.jdbc.spi.SqlExceptionHelper   : Communications link failure

The last packet sent successfully to the server was 0 milliseconds ago. The driver has not received any packets from the server.
2024-04-03T15:19:45.894Z ERROR 10912 --- [http-nio-8080-exec-2] o.a.c.c.C.[.[.[/].[dispatcherServlet]    : Servlet.service() for servlet [dispatcherServlet] in context with path [] threw exception [Request processing failed: org.springframework.transaction.CannotCreateTransactionException: Could not open JPA EntityManager for transaction] with root cause

java.net.ConnectException: Connection refused: no further information
	at java.base/sun.nio.ch.Net.pollConnect(Native Method) ~[na:na]
	at java.base/sun.nio.ch.Net.pollConnectNow(Net.java:672) ~[na:na]
	at java.base/sun.nio.ch.NioSocketImpl.timedFinishConnect(NioSocketImpl.java:547) ~[na:na]
	at java.base/sun.nio.ch.NioSocketImpl.connect(NioSocketImpl.java:602) ~[na:na]
	at java.base/java.net.SocksSocketImpl.connect(SocksSocketImpl.java:327) ~[na:na]
	at java.base/java.net.Socket.connect(Socket.java:633) ~[na:na]
	at com.mysql.cj.protocol.StandardSocketFactory.connect(StandardSocketFactory.java:153) ~[mysql-connector-j-8.0.33.jar:8.0.33]
	at com.mysql.cj.protocol.a.NativeSocketConnection.connect(NativeSocketConnection.java:63) ~[mysql-connector-j-8.0.33.jar:8.0.33]
	at com.mysql.cj.NativeSession.connect(NativeSession.java:121) ~[mysql-connector-j-8.0.33.jar:8.0.33]
	at com.mysql.cj.jdbc.ConnectionImpl.connectOneTryOnly(ConnectionImpl.java:945) ~[mysql-connector-j-8.0.33.jar:8.0.33]
	at com.mysql.cj.jdbc.ConnectionImpl.createNewIO(ConnectionImpl.java:815) ~[mysql-connector-j-8.0.33.jar:8.0.33]
	at com.mysql.cj.jdbc.ConnectionImpl.<init>(ConnectionImpl.java:446) ~[mysql-connector-j-8.0.33.jar:8.0.33]
	at com.mysql.cj.jdbc.ConnectionImpl.getInstance(ConnectionImpl.java:239) ~[mysql-connector-j-8.0.33.jar:8.0.33]
	at com.mysql.cj.jdbc.NonRegisteringDriver.connect(NonRegisteringDriver.java:188) ~[mysql-connector-j-8.0.33.jar:8.0.33]
	at com.zaxxer.hikari.util.DriverDataSource.getConnection(DriverDataSource.java:138) ~[HikariCP-5.0.1.jar:na]
	at com.zaxxer.hikari.pool.PoolBase.newConnection(PoolBase.java:359) ~[HikariCP-5.0.1.jar:na]
	at com.zaxxer.hikari.pool.PoolBase.newPoolEntry(PoolBase.java:201) ~[HikariCP-5.0.1.jar:na]
	at com.zaxxer.hikari.pool.HikariPool.createPoolEntry(HikariPool.java:470) ~[HikariCP-5.0.1.jar:na]
	at com.zaxxer.hikari.pool.HikariPool$PoolEntryCreator.call(HikariPool.java:733) ~[HikariCP-5.0.1.jar:na]
	at com.zaxxer.hikari.pool.HikariPool$PoolEntryCreator.call(HikariPool.java:712) ~[HikariCP-5.0.1.jar:na]
	at java.base/java.util.concurrent.FutureTask.run(FutureTask.java:264) ~[na:na]
	at java.base/java.util.concurrent.ThreadPoolExecutor.runWorker(ThreadPoolExecutor.java:1136) ~[na:na]
	at java.base/java.util.concurrent.ThreadPoolExecutor$Worker.run(ThreadPoolExecutor.java:635) ~[na:na]
	at java.base/java.lang.Thread.run(Thread.java:840) ~[na:na]

2024-04-03T15:20:38.390Z  INFO 10912 --- [RMI TCP Connection(55)-127.0.0.1] inMXBeanRegistrar$SpringApplicationAdmin : Application shutdown requested.
2024-04-03T15:20:38.411Z  INFO 10912 --- [RMI TCP Connection(55)-127.0.0.1] o.apache.catalina.core.StandardService   : Stopping service [Tomcat]
2024-04-03T15:20:38.411Z  INFO 10912 --- [RMI TCP Connection(55)-127.0.0.1] o.a.c.c.C.[Tomcat].[localhost].[/]       : Destroying Spring FrameworkServlet 'dispatcherServlet'
2024-04-03T15:20:38.416Z  WARN 10912 --- [RMI TCP Connection(55)-127.0.0.1] o.a.c.loader.WebappClassLoaderBase       : The web application [ROOT] appears to have started a thread named [HikariPool-2 connection adder] but has failed to stop it. This is very likely to create a memory leak. Stack trace of thread:
 java.base@17.0.10/java.lang.Thread.sleep(Native Method)
 app//com.zaxxer.hikari.util.UtilityElf.quietlySleep(UtilityElf.java:53)
 app//com.zaxxer.hikari.pool.HikariPool$PoolEntryCreator.call(HikariPool.java:745)
 app//com.zaxxer.hikari.pool.HikariPool$PoolEntryCreator.call(HikariPool.java:712)
 java.base@17.0.10/java.util.concurrent.FutureTask.run(FutureTask.java:264)
 java.base@17.0.10/java.util.concurrent.ThreadPoolExecutor.runWorker(ThreadPoolExecutor.java:1136)
 java.base@17.0.10/java.util.concurrent.ThreadPoolExecutor$Worker.run(ThreadPoolExecutor.java:635)
 java.base@17.0.10/java.lang.Thread.run(Thread.java:840)
2024-04-03T15:20:38.421Z  INFO 10912 --- [RMI TCP Connection(55)-127.0.0.1] j.LocalContainerEntityManagerFactoryBean : Closing JPA EntityManagerFactory for persistence unit 'default'
2024-04-03T15:20:38.425Z  INFO 10912 --- [RMI TCP Connection(55)-127.0.0.1] com.zaxxer.hikari.HikariDataSource       : HikariPool-2 - Shutdown initiated...
2024-04-03T15:20:41.298Z  INFO 10912 --- [RMI TCP Connection(55)-127.0.0.1] com.zaxxer.hikari.HikariDataSource       : HikariPool-2 - Shutdown completed.
